<?xml version="1.0" encoding="UTF-8"?>
<beans xmlns="http://www.springframework.org/schema/beans"
	xmlns:xsi="http://www.w3.org/2001/XMLSchema-instance" xmlns:oxm="http://www.springframework.org/schema/oxm"
	xsi:schemaLocation="http://www.springframework.org/schema/oxm http://www.springframework.org/schema/oxm/spring-oxm-3.0.xsd
		http://www.springframework.org/schema/beans http://www.springframework.org/schema/beans/spring-beans-3.0.xsd">

	<oxm:jaxb2-marshaller id="marshaller"
		contextPath="org.testingsoftware.calc" />

	<bean id="webServiceTemplate" class="org.springframework.ws.client.core.WebServiceTemplate">

		<property name="marshaller" ref="marshaller" />
		<property name="unmarshaller" ref="marshaller" />
		<property name="defaultUri"
			value="http://localhost:8080/demo_server.0.1/calc-service" />
	</bean>

	<bean id="webServiceTemplateWithClientValidator" class="org.springframework.ws.client.core.WebServiceTemplate">

		<property name="marshaller" ref="marshaller" />
		<property name="unmarshaller" ref="marshaller" />
		<property name="defaultUri"
			value="http://localhost:8080/demo_server.0.1/calc-service" />
		<property name="interceptors">
			<list>
				<ref bean="payloadValidatingInterceptorWithSourceFix" />
			</list>
		</property>
	</bean>

	<bean id="payloadValidatingInterceptorWithSourceFix"
		class="org.testingsoftware.calc.PayloadValidatingInterceptorWithSourceFix">
		<property name="schema"
			value="file:src/calc/resources/WEB-INF/calc.xsd" />
		<property name="validateRequest" value="true" />
		<property name="validateResponse" value="true" />
	</bean>

	<!--bean id="payloadValidatingInterceptor"
		class="org.springframework.ws.client.support.interceptor.PayloadValidatingInterceptor">
		<property name="schema"
			value="file:WebContent/WEB-INF/schemas/account-balance-service.xsd" />
		<property name="validateRequest" value="true" />
		<property name="validateResponse" value="true" />
	</bean-->

</beans>
